<?xml version="1.0" encoding="UTF-8"?>
<TestRun id="8626c4ae-c4c0-4eb1-8f99-e57aab637031" name="evgeniy@BPDE0CB4ED7032A 2013-07-04 14:03:03" runUser="AETP\evgeniy" xmlns="http://microsoft.com/schemas/VisualStudio/TeamTest/2010">
  <TestSettings name="Локальные" id="afdd1893-7501-4737-bd1f-5c876dde833e">
    <Description>Это - параметры по умолчанию для локального тестового запуска.</Description>
    <Deployment enabled="false" runDeploymentRoot="evgeniy_BPDE0CB4ED7032A 2013-07-04 14_03_03">
      <DeploymentItem filename="C:\Users\Evgeniy\projects\CItest\CItest\CItest\bin\Debug\CItest.exe" />
    </Deployment>
    <Execution>
      <TestTypeSpecific />
      <AgentRule name="Execution Agents">
      </AgentRule>
    </Execution>
  </TestSettings>
  <Times creation="2013-07-04T14:03:03.6542191+04:00" queuing="2013-07-04T14:03:03.7542191+04:00" start="2013-07-04T14:03:03.7892191+04:00" finish="2013-07-04T14:03:04.3612191+04:00" />
  <ResultSummary outcome="Failed">
    <Counters total="1" executed="1" error="0" failed="1" timeout="0" aborted="0" inconclusive="0" passedButRunAborted="0" notRunnable="0" notExecuted="0" disconnected="0" warning="0" passed="0" completed="0" inProgress="0" pending="0" />
  </ResultSummary>
  <TestDefinitions>
    <UnitTest name="TestCalculatorAdd" storage="c:\users\evgeniy\projects\citest\citest\tests\bin\debug\tests.dll" id="359b83c7-6498-eae3-2dde-7f234440009e">
      <Execution id="50e134de-9da9-494a-9166-a06be870f97b" />
      <TestMethod codeBase="C:/Users/Evgeniy/projects/CItest/CItest/Tests/bin/Debug/Tests.DLL" adapterTypeName="Microsoft.VisualStudio.TestTools.TestTypes.Unit.UnitTestAdapter, Microsoft.VisualStudio.QualityTools.Tips.UnitTest.Adapter, Version=10.0.0.0, Culture=neutral, PublicKeyToken=b03f5f7f11d50a3a" className="Tests.CalculatorTest, Tests, Version=1.0.0.0, Culture=neutral, PublicKeyToken=null" name="TestCalculatorAdd" />
    </UnitTest>
  </TestDefinitions>
  <TestLists>
    <TestList name="Отсутствующие в списке результаты" id="8c84fa94-04c1-424b-9868-57a2d4851a1d" />
    <TestList name="Все загруженные результаты" id="19431567-8539-422a-85d7-44ee4e166bda" />
  </TestLists>
  <TestEntries>
    <TestEntry testId="359b83c7-6498-eae3-2dde-7f234440009e" executionId="50e134de-9da9-494a-9166-a06be870f97b" testListId="8c84fa94-04c1-424b-9868-57a2d4851a1d" />
  </TestEntries>
  <Results>
    <UnitTestResult executionId="50e134de-9da9-494a-9166-a06be870f97b" testId="359b83c7-6498-eae3-2dde-7f234440009e" testName="TestCalculatorAdd" computerName="BPDE0CB4ED7032A" duration="00:00:00.1599704" startTime="2013-07-04T14:03:03.8212191+04:00" endTime="2013-07-04T14:03:04.3362191+04:00" testType="13cdc9d9-ddb5-4fa4-a97d-d965ccfc6d4b" outcome="Failed" testListId="8c84fa94-04c1-424b-9868-57a2d4851a1d" relativeResultsDirectory="50e134de-9da9-494a-9166-a06be870f97b">
      <Output>
        <ErrorInfo>
          <Message>Ошибка в Assert.AreEqual. Ожидается: &lt;2&gt;. Фактически: &lt;1&gt;. </Message>
          <StackTrace>   в Tests.CalculatorTest.TestCalculatorAdd() в C:\Users\Evgeniy\projects\CItest\CItest\Tests\CalculatorTest.cs:строка 73
</StackTrace>
        </ErrorInfo>
      </Output>
    </UnitTestResult>
  </Results>
</TestRun>