<?xml version="1.0" encoding="UTF-8"?>
<TestRun id="b0120d82-5cb6-4a59-a2a5-fbdd46442804" name="evgeniy@BPDE0CB4ED7032A 2013-07-04 14:08:47" runUser="AETP\evgeniy" xmlns="http://microsoft.com/schemas/VisualStudio/TeamTest/2010">
  <TestSettings name="Локальные" id="afdd1893-7501-4737-bd1f-5c876dde833e">
    <Description>Это - параметры по умолчанию для локального тестового запуска.</Description>
    <Deployment enabled="false" runDeploymentRoot="evgeniy_BPDE0CB4ED7032A 2013-07-04 14_08_47">
      <DeploymentItem filename="C:\Users\Evgeniy\projects\CItest\CItest\CItest\bin\Debug\CItest.exe" />
    </Deployment>
    <Execution>
      <TestTypeSpecific />
      <AgentRule name="Execution Agents">
      </AgentRule>
    </Execution>
  </TestSettings>
  <Times creation="2013-07-04T14:08:47.1995759+04:00" queuing="2013-07-04T14:08:47.2995959+04:00" start="2013-07-04T14:08:47.3155991+04:00" finish="2013-07-04T14:08:47.9327225+04:00" />
  <ResultSummary outcome="Failed">
    <Counters total="2" executed="2" passed="1" error="0" failed="1" timeout="0" aborted="0" inconclusive="0" passedButRunAborted="0" notRunnable="0" notExecuted="0" disconnected="0" warning="0" completed="0" inProgress="0" pending="0" />
  </ResultSummary>
  <TestDefinitions>
    <UnitTest name="TestCalculatorSub" storage="c:\users\evgeniy\projects\citest\citest\tests\bin\debug\tests.dll" id="ceef37da-7a1a-5812-e2e2-58b6fbca56e4">
      <Execution id="a9c016ac-4957-4611-a786-17124adbde42" />
      <TestMethod codeBase="C:/Users/Evgeniy/projects/CItest/CItest/Tests/bin/Debug/Tests.DLL" adapterTypeName="Microsoft.VisualStudio.TestTools.TestTypes.Unit.UnitTestAdapter, Microsoft.VisualStudio.QualityTools.Tips.UnitTest.Adapter, Version=10.0.0.0, Culture=neutral, PublicKeyToken=b03f5f7f11d50a3a" className="Tests.CalculatorTest, Tests, Version=1.0.0.0, Culture=neutral, PublicKeyToken=null" name="TestCalculatorSub" />
    </UnitTest>
    <UnitTest name="TestCalculatorAdd" storage="c:\users\evgeniy\projects\citest\citest\tests\bin\debug\tests.dll" id="359b83c7-6498-eae3-2dde-7f234440009e">
      <Execution id="94cd8932-baf6-4503-be07-5bab10695863" />
      <TestMethod codeBase="C:/Users/Evgeniy/projects/CItest/CItest/Tests/bin/Debug/Tests.DLL" adapterTypeName="Microsoft.VisualStudio.TestTools.TestTypes.Unit.UnitTestAdapter, Microsoft.VisualStudio.QualityTools.Tips.UnitTest.Adapter, Version=10.0.0.0, Culture=neutral, PublicKeyToken=b03f5f7f11d50a3a" className="Tests.CalculatorTest, Tests, Version=1.0.0.0, Culture=neutral, PublicKeyToken=null" name="TestCalculatorAdd" />
    </UnitTest>
  </TestDefinitions>
  <TestLists>
    <TestList name="Отсутствующие в списке результаты" id="8c84fa94-04c1-424b-9868-57a2d4851a1d" />
    <TestList name="Все загруженные результаты" id="19431567-8539-422a-85d7-44ee4e166bda" />
  </TestLists>
  <TestEntries>
    <TestEntry testId="359b83c7-6498-eae3-2dde-7f234440009e" executionId="94cd8932-baf6-4503-be07-5bab10695863" testListId="8c84fa94-04c1-424b-9868-57a2d4851a1d" />
    <TestEntry testId="ceef37da-7a1a-5812-e2e2-58b6fbca56e4" executionId="a9c016ac-4957-4611-a786-17124adbde42" testListId="8c84fa94-04c1-424b-9868-57a2d4851a1d" />
  </TestEntries>
  <Results>
    <UnitTestResult executionId="94cd8932-baf6-4503-be07-5bab10695863" testId="359b83c7-6498-eae3-2dde-7f234440009e" testName="TestCalculatorAdd" computerName="BPDE0CB4ED7032A" duration="00:00:00.0641595" startTime="2013-07-04T14:08:47.3466053+04:00" endTime="2013-07-04T14:08:47.7376835+04:00" testType="13cdc9d9-ddb5-4fa4-a97d-d965ccfc6d4b" outcome="Failed" testListId="8c84fa94-04c1-424b-9868-57a2d4851a1d" relativeResultsDirectory="94cd8932-baf6-4503-be07-5bab10695863">
      <Output>
        <ErrorInfo>
          <Message>Ошибка в Assert.AreEqual. Ожидается: &lt;0,1&gt;. Фактически: &lt;0,0999999999999996&gt;. </Message>
          <StackTrace>   в Tests.CalculatorTest.TestCalculatorAdd() в C:\Users\Evgeniy\projects\CItest\CItest\Tests\CalculatorTest.cs:строка 74
</StackTrace>
        </ErrorInfo>
      </Output>
    </UnitTestResult>
    <UnitTestResult executionId="a9c016ac-4957-4611-a786-17124adbde42" testId="ceef37da-7a1a-5812-e2e2-58b6fbca56e4" testName="TestCalculatorSub" computerName="BPDE0CB4ED7032A" duration="00:00:00.0004874" startTime="2013-07-04T14:08:47.8317023+04:00" endTime="2013-07-04T14:08:47.8377035+04:00" testType="13cdc9d9-ddb5-4fa4-a97d-d965ccfc6d4b" outcome="Passed" testListId="8c84fa94-04c1-424b-9868-57a2d4851a1d" relativeResultsDirectory="a9c016ac-4957-4611-a786-17124adbde42">
    </UnitTestResult>
  </Results>
</TestRun>